<?xml version="1.0" encoding="UTF-8"?>
<testsuite xmlns:xsi="http://www.w3.org/2001/XMLSchema-instance" xsi:noNamespaceSchemaLocation="https://maven.apache.org/surefire/maven-surefire-plugin/xsd/surefire-test-report.xsd" name="com.cui.springboot02config.SpringBoot02ConfigApplicationTests" time="2.276" tests="1" errors="0" skipped="0" failures="0">
  <properties>
    <property name="sun.desktop" value="windows"/>
    <property name="awt.toolkit" value="sun.awt.windows.WToolkit"/>
    <property name="file.encoding.pkg" value="sun.io"/>
    <property name="java.specification.version" value="1.8"/>
    <property name="sun.cpu.isalist" value="amd64"/>
    <property name="sun.jnu.encoding" value="GBK"/>
    <property name="java.class.path" value="E:\git-workspace\spring-boot-study\spring-boot-02-config\target\test-classes;E:\git-workspace\spring-boot-study\spring-boot-02-config\target\classes;E:\repository\org\springframework\boot\spring-boot-starter-web\2.1.10.RELEASE\spring-boot-starter-web-2.1.10.RELEASE.jar;E:\repository\org\springframework\boot\spring-boot-starter\2.1.10.RELEASE\spring-boot-starter-2.1.10.RELEASE.jar;E:\repository\org\springframework\boot\spring-boot\2.1.10.RELEASE\spring-boot-2.1.10.RELEASE.jar;E:\repository\org\springframework\boot\spring-boot-autoconfigure\2.1.10.RELEASE\spring-boot-autoconfigure-2.1.10.RELEASE.jar;E:\repository\org\springframework\boot\spring-boot-starter-logging\2.1.10.RELEASE\spring-boot-starter-logging-2.1.10.RELEASE.jar;E:\repository\ch\qos\logback\logback-classic\1.2.3\logback-classic-1.2.3.jar;E:\repository\ch\qos\logback\logback-core\1.2.3\logback-core-1.2.3.jar;E:\repository\org\apache\logging\log4j\log4j-to-slf4j\2.11.2\log4j-to-slf4j-2.11.2.jar;E:\repository\org\apache\logging\log4j\log4j-api\2.11.2\log4j-api-2.11.2.jar;E:\repository\org\slf4j\jul-to-slf4j\1.7.29\jul-to-slf4j-1.7.29.jar;E:\repository\javax\annotation\javax.annotation-api\1.3.2\javax.annotation-api-1.3.2.jar;E:\repository\org\yaml\snakeyaml\1.23\snakeyaml-1.23.jar;E:\repository\org\springframework\boot\spring-boot-starter-json\2.1.10.RELEASE\spring-boot-starter-json-2.1.10.RELEASE.jar;E:\repository\com\fasterxml\jackson\core\jackson-databind\2.9.10.1\jackson-databind-2.9.10.1.jar;E:\repository\com\fasterxml\jackson\core\jackson-annotations\2.9.10\jackson-annotations-2.9.10.jar;E:\repository\com\fasterxml\jackson\core\jackson-core\2.9.10\jackson-core-2.9.10.jar;E:\repository\com\fasterxml\jackson\datatype\jackson-datatype-jdk8\2.9.10\jackson-datatype-jdk8-2.9.10.jar;E:\repository\com\fasterxml\jackson\datatype\jackson-datatype-jsr310\2.9.10\jackson-datatype-jsr310-2.9.10.jar;E:\repository\com\fasterxml\jackson\module\jackson-module-parameter-names\2.9.10\jackson-module-parameter-names-2.9.10.jar;E:\repository\org\springframework\boot\spring-boot-starter-tomcat\2.1.10.RELEASE\spring-boot-starter-tomcat-2.1.10.RELEASE.jar;E:\repository\org\apache\tomcat\embed\tomcat-embed-core\9.0.27\tomcat-embed-core-9.0.27.jar;E:\repository\org\apache\tomcat\embed\tomcat-embed-el\9.0.27\tomcat-embed-el-9.0.27.jar;E:\repository\org\apache\tomcat\embed\tomcat-embed-websocket\9.0.27\tomcat-embed-websocket-9.0.27.jar;E:\repository\org\hibernate\validator\hibernate-validator\6.0.18.Final\hibernate-validator-6.0.18.Final.jar;E:\repository\javax\validation\validation-api\2.0.1.Final\validation-api-2.0.1.Final.jar;E:\repository\org\jboss\logging\jboss-logging\3.3.3.Final\jboss-logging-3.3.3.Final.jar;E:\repository\com\fasterxml\classmate\1.4.0\classmate-1.4.0.jar;E:\repository\org\springframework\spring-web\5.1.11.RELEASE\spring-web-5.1.11.RELEASE.jar;E:\repository\org\springframework\spring-beans\5.1.11.RELEASE\spring-beans-5.1.11.RELEASE.jar;E:\repository\org\springframework\spring-webmvc\5.1.11.RELEASE\spring-webmvc-5.1.11.RELEASE.jar;E:\repository\org\springframework\spring-aop\5.1.11.RELEASE\spring-aop-5.1.11.RELEASE.jar;E:\repository\org\springframework\spring-context\5.1.11.RELEASE\spring-context-5.1.11.RELEASE.jar;E:\repository\org\springframework\spring-expression\5.1.11.RELEASE\spring-expression-5.1.11.RELEASE.jar;E:\repository\org\springframework\boot\spring-boot-starter-test\2.1.10.RELEASE\spring-boot-starter-test-2.1.10.RELEASE.jar;E:\repository\org\springframework\boot\spring-boot-test\2.1.10.RELEASE\spring-boot-test-2.1.10.RELEASE.jar;E:\repository\org\springframework\boot\spring-boot-test-autoconfigure\2.1.10.RELEASE\spring-boot-test-autoconfigure-2.1.10.RELEASE.jar;E:\repository\com\jayway\jsonpath\json-path\2.4.0\json-path-2.4.0.jar;E:\repository\net\minidev\json-smart\2.3\json-smart-2.3.jar;E:\repository\net\minidev\accessors-smart\1.2\accessors-smart-1.2.jar;E:\repository\org\ow2\asm\asm\5.0.4\asm-5.0.4.jar;E:\repository\org\slf4j\slf4j-api\1.7.29\slf4j-api-1.7.29.jar;E:\repository\junit\junit\4.12\junit-4.12.jar;E:\repository\org\assertj\assertj-core\3.11.1\assertj-core-3.11.1.jar;E:\repository\org\mockito\mockito-core\2.23.4\mockito-core-2.23.4.jar;E:\repository\net\bytebuddy\byte-buddy\1.9.16\byte-buddy-1.9.16.jar;E:\repository\net\bytebuddy\byte-buddy-agent\1.9.16\byte-buddy-agent-1.9.16.jar;E:\repository\org\objenesis\objenesis\2.6\objenesis-2.6.jar;E:\repository\org\hamcrest\hamcrest-core\1.3\hamcrest-core-1.3.jar;E:\repository\org\hamcrest\hamcrest-library\1.3\hamcrest-library-1.3.jar;E:\repository\org\skyscreamer\jsonassert\1.5.0\jsonassert-1.5.0.jar;E:\repository\com\vaadin\external\google\android-json\0.0.20131108.vaadin1\android-json-0.0.20131108.vaadin1.jar;E:\repository\org\springframework\spring-core\5.1.11.RELEASE\spring-core-5.1.11.RELEASE.jar;E:\repository\org\springframework\spring-jcl\5.1.11.RELEASE\spring-jcl-5.1.11.RELEASE.jar;E:\repository\org\springframework\spring-test\5.1.11.RELEASE\spring-test-5.1.11.RELEASE.jar;E:\repository\org\xmlunit\xmlunit-core\2.6.3\xmlunit-core-2.6.3.jar;E:\repository\org\springframework\boot\spring-boot-configuration-processor\2.1.10.RELEASE\spring-boot-configuration-processor-2.1.10.RELEASE.jar;"/>
    <property name="java.vm.vendor" value="Oracle Corporation"/>
    <property name="sun.arch.data.model" value="64"/>
    <property name="user.variant" value=""/>
    <property name="java.vendor.url" value="http://java.oracle.com/"/>
    <property name="user.timezone" value="Asia/Shanghai"/>
    <property name="java.vm.specification.version" value="1.8"/>
    <property name="os.name" value="Windows 8.1"/>
    <property name="user.country" value="CN"/>
    <property name="sun.java.launcher" value="SUN_STANDARD"/>
    <property name="sun.boot.library.path" value="D:\Program Files\Java\jdk1.8.0_31\jre\bin"/>
    <property name="sun.java.command" value="C:\Users\86134\AppData\Local\Temp\surefire4197408368150580604\surefirebooter819753315267883235.jar C:\Users\86134\AppData\Local\Temp\surefire4197408368150580604 2019-11-22T01-09-34_619-jvmRun1 surefire6449087505926914527tmp surefire_01210721216142850506tmp"/>
    <property name="surefire.test.class.path" value="E:\git-workspace\spring-boot-study\spring-boot-02-config\target\test-classes;E:\git-workspace\spring-boot-study\spring-boot-02-config\target\classes;E:\repository\org\springframework\boot\spring-boot-starter-web\2.1.10.RELEASE\spring-boot-starter-web-2.1.10.RELEASE.jar;E:\repository\org\springframework\boot\spring-boot-starter\2.1.10.RELEASE\spring-boot-starter-2.1.10.RELEASE.jar;E:\repository\org\springframework\boot\spring-boot\2.1.10.RELEASE\spring-boot-2.1.10.RELEASE.jar;E:\repository\org\springframework\boot\spring-boot-autoconfigure\2.1.10.RELEASE\spring-boot-autoconfigure-2.1.10.RELEASE.jar;E:\repository\org\springframework\boot\spring-boot-starter-logging\2.1.10.RELEASE\spring-boot-starter-logging-2.1.10.RELEASE.jar;E:\repository\ch\qos\logback\logback-classic\1.2.3\logback-classic-1.2.3.jar;E:\repository\ch\qos\logback\logback-core\1.2.3\logback-core-1.2.3.jar;E:\repository\org\apache\logging\log4j\log4j-to-slf4j\2.11.2\log4j-to-slf4j-2.11.2.jar;E:\repository\org\apache\logging\log4j\log4j-api\2.11.2\log4j-api-2.11.2.jar;E:\repository\org\slf4j\jul-to-slf4j\1.7.29\jul-to-slf4j-1.7.29.jar;E:\repository\javax\annotation\javax.annotation-api\1.3.2\javax.annotation-api-1.3.2.jar;E:\repository\org\yaml\snakeyaml\1.23\snakeyaml-1.23.jar;E:\repository\org\springframework\boot\spring-boot-starter-json\2.1.10.RELEASE\spring-boot-starter-json-2.1.10.RELEASE.jar;E:\repository\com\fasterxml\jackson\core\jackson-databind\2.9.10.1\jackson-databind-2.9.10.1.jar;E:\repository\com\fasterxml\jackson\core\jackson-annotations\2.9.10\jackson-annotations-2.9.10.jar;E:\repository\com\fasterxml\jackson\core\jackson-core\2.9.10\jackson-core-2.9.10.jar;E:\repository\com\fasterxml\jackson\datatype\jackson-datatype-jdk8\2.9.10\jackson-datatype-jdk8-2.9.10.jar;E:\repository\com\fasterxml\jackson\datatype\jackson-datatype-jsr310\2.9.10\jackson-datatype-jsr310-2.9.10.jar;E:\repository\com\fasterxml\jackson\module\jackson-module-parameter-names\2.9.10\jackson-module-parameter-names-2.9.10.jar;E:\repository\org\springframework\boot\spring-boot-starter-tomcat\2.1.10.RELEASE\spring-boot-starter-tomcat-2.1.10.RELEASE.jar;E:\repository\org\apache\tomcat\embed\tomcat-embed-core\9.0.27\tomcat-embed-core-9.0.27.jar;E:\repository\org\apache\tomcat\embed\tomcat-embed-el\9.0.27\tomcat-embed-el-9.0.27.jar;E:\repository\org\apache\tomcat\embed\tomcat-embed-websocket\9.0.27\tomcat-embed-websocket-9.0.27.jar;E:\repository\org\hibernate\validator\hibernate-validator\6.0.18.Final\hibernate-validator-6.0.18.Final.jar;E:\repository\javax\validation\validation-api\2.0.1.Final\validation-api-2.0.1.Final.jar;E:\repository\org\jboss\logging\jboss-logging\3.3.3.Final\jboss-logging-3.3.3.Final.jar;E:\repository\com\fasterxml\classmate\1.4.0\classmate-1.4.0.jar;E:\repository\org\springframework\spring-web\5.1.11.RELEASE\spring-web-5.1.11.RELEASE.jar;E:\repository\org\springframework\spring-beans\5.1.11.RELEASE\spring-beans-5.1.11.RELEASE.jar;E:\repository\org\springframework\spring-webmvc\5.1.11.RELEASE\spring-webmvc-5.1.11.RELEASE.jar;E:\repository\org\springframework\spring-aop\5.1.11.RELEASE\spring-aop-5.1.11.RELEASE.jar;E:\repository\org\springframework\spring-context\5.1.11.RELEASE\spring-context-5.1.11.RELEASE.jar;E:\repository\org\springframework\spring-expression\5.1.11.RELEASE\spring-expression-5.1.11.RELEASE.jar;E:\repository\org\springframework\boot\spring-boot-starter-test\2.1.10.RELEASE\spring-boot-starter-test-2.1.10.RELEASE.jar;E:\repository\org\springframework\boot\spring-boot-test\2.1.10.RELEASE\spring-boot-test-2.1.10.RELEASE.jar;E:\repository\org\springframework\boot\spring-boot-test-autoconfigure\2.1.10.RELEASE\spring-boot-test-autoconfigure-2.1.10.RELEASE.jar;E:\repository\com\jayway\jsonpath\json-path\2.4.0\json-path-2.4.0.jar;E:\repository\net\minidev\json-smart\2.3\json-smart-2.3.jar;E:\repository\net\minidev\accessors-smart\1.2\accessors-smart-1.2.jar;E:\repository\org\ow2\asm\asm\5.0.4\asm-5.0.4.jar;E:\repository\org\slf4j\slf4j-api\1.7.29\slf4j-api-1.7.29.jar;E:\repository\junit\junit\4.12\junit-4.12.jar;E:\repository\org\assertj\assertj-core\3.11.1\assertj-core-3.11.1.jar;E:\repository\org\mockito\mockito-core\2.23.4\mockito-core-2.23.4.jar;E:\repository\net\bytebuddy\byte-buddy\1.9.16\byte-buddy-1.9.16.jar;E:\repository\net\bytebuddy\byte-buddy-agent\1.9.16\byte-buddy-agent-1.9.16.jar;E:\repository\org\objenesis\objenesis\2.6\objenesis-2.6.jar;E:\repository\org\hamcrest\hamcrest-core\1.3\hamcrest-core-1.3.jar;E:\repository\org\hamcrest\hamcrest-library\1.3\hamcrest-library-1.3.jar;E:\repository\org\skyscreamer\jsonassert\1.5.0\jsonassert-1.5.0.jar;E:\repository\com\vaadin\external\google\android-json\0.0.20131108.vaadin1\android-json-0.0.20131108.vaadin1.jar;E:\repository\org\springframework\spring-core\5.1.11.RELEASE\spring-core-5.1.11.RELEASE.jar;E:\repository\org\springframework\spring-jcl\5.1.11.RELEASE\spring-jcl-5.1.11.RELEASE.jar;E:\repository\org\springframework\spring-test\5.1.11.RELEASE\spring-test-5.1.11.RELEASE.jar;E:\repository\org\xmlunit\xmlunit-core\2.6.3\xmlunit-core-2.6.3.jar;E:\repository\org\springframework\boot\spring-boot-configuration-processor\2.1.10.RELEASE\spring-boot-configuration-processor-2.1.10.RELEASE.jar;"/>
    <property name="sun.cpu.endian" value="little"/>
    <property name="user.home" value="C:\Users\86134"/>
    <property name="user.language" value="zh"/>
    <property name="java.specification.vendor" value="Oracle Corporation"/>
    <property name="java.home" value="D:\Program Files\Java\jdk1.8.0_31\jre"/>
    <property name="basedir" value="E:\git-workspace\spring-boot-study\spring-boot-02-config"/>
    <property name="file.separator" value="\"/>
    <property name="line.separator" value="&#10;"/>
    <property name="java.vm.specification.vendor" value="Oracle Corporation"/>
    <property name="java.specification.name" value="Java Platform API Specification"/>
    <property name="java.awt.graphicsenv" value="sun.awt.Win32GraphicsEnvironment"/>
    <property name="surefire.real.class.path" value="C:\Users\86134\AppData\Local\Temp\surefire4197408368150580604\surefirebooter819753315267883235.jar"/>
    <property name="sun.boot.class.path" value="D:\Program Files\Java\jdk1.8.0_31\jre\lib\resources.jar;D:\Program Files\Java\jdk1.8.0_31\jre\lib\rt.jar;D:\Program Files\Java\jdk1.8.0_31\jre\lib\sunrsasign.jar;D:\Program Files\Java\jdk1.8.0_31\jre\lib\jsse.jar;D:\Program Files\Java\jdk1.8.0_31\jre\lib\jce.jar;D:\Program Files\Java\jdk1.8.0_31\jre\lib\charsets.jar;D:\Program Files\Java\jdk1.8.0_31\jre\lib\jfr.jar;D:\Program Files\Java\jdk1.8.0_31\jre\classes"/>
    <property name="user.script" value=""/>
    <property name="sun.management.compiler" value="HotSpot 64-Bit Tiered Compilers"/>
    <property name="java.runtime.version" value="1.8.0_31-b13"/>
    <property name="user.name" value="86134"/>
    <property name="path.separator" value=";"/>
    <property name="os.version" value="6.3"/>
    <property name="java.endorsed.dirs" value="D:\Program Files\Java\jdk1.8.0_31\jre\lib\endorsed"/>
    <property name="java.runtime.name" value="Java(TM) SE Runtime Environment"/>
    <property name="file.encoding" value="GBK"/>
    <property name="java.vm.name" value="Java HotSpot(TM) 64-Bit Server VM"/>
    <property name="localRepository" value="E:\repository"/>
    <property name="java.vendor.url.bug" value="http://bugreport.sun.com/bugreport/"/>
    <property name="java.io.tmpdir" value="C:\Users\86134\AppData\Local\Temp\"/>
    <property name="idea.version" value="2018.3"/>
    <property name="java.version" value="1.8.0_31"/>
    <property name="user.dir" value="E:\git-workspace\spring-boot-study\spring-boot-02-config"/>
    <property name="os.arch" value="amd64"/>
    <property name="java.vm.specification.name" value="Java Virtual Machine Specification"/>
    <property name="java.awt.printerjob" value="sun.awt.windows.WPrinterJob"/>
    <property name="sun.os.patch.level" value=""/>
    <property name="java.library.path" value="D:\Program Files\Java\jdk1.8.0_31\jre\bin;C:\Windows\Sun\Java\bin;C:\Windows\system32;C:\Windows;.;D:\Program Files\Java\jdk1.8.0_31\bin;D:\Program Files\Java\jdk1.8.0_31\jre\bin;D:\oracle\product\10.2.0\db_3\bin;D:\Program Files\oracle\product\10.2.0\db_2\bin;D:\Program Files\oracle\product\10.2.0\db_1\bin;C:\ProgramData\Oracle\Java\javapath;C:\Windows\system32;C:\Windows;C:\Windows\System32\Wbem;C:\Windows\System32\WindowsPowerShell\v1.0\;C:\Windows\System32\OpenSSH\;C:\Program Files (x86)\NVIDIA Corporation\PhysX\Common;C:\Program Files\NVIDIA Corporation\NVIDIA NvDLISR;E:\Maven3.3.9\bin;C:\Program Files\TortoiseSVN\bin;D:\Program Files (x86)\Python\Python37;D:\Program Files\Git\cmd;."/>
    <property name="java.vm.info" value="mixed mode"/>
    <property name="java.vendor" value="Oracle Corporation"/>
    <property name="java.vm.version" value="25.31-b07"/>
    <property name="java.ext.dirs" value="D:\Program Files\Java\jdk1.8.0_31\jre\lib\ext;C:\Windows\Sun\Java\lib\ext"/>
    <property name="sun.io.unicode.encoding" value="UnicodeLittle"/>
    <property name="maven.repo.local" value="E:\repository"/>
    <property name="java.class.version" value="52.0"/>
  </properties>
  <testcase name="contextLoads" classname="com.cui.springboot02config.SpringBoot02ConfigApplicationTests" time="0.178"/>
</testsuite>